[11:23:27] Environment prepared
[11:23:27] Activating monitor mode on: wlan2
[11:23:27] Monitor mode activated
[11:23:27] Scanning all channels...
[11:23:33] Scan stopped by user
[11:23:33] Parsing CSV file
[11:23:37] Target selected:
[11:23:37]   BSSID   : 58:1D:D8:8E:04:E8
[11:23:37]   CHANNEL :  11
[11:23:37]   SSID    :  Livebox-5318_6GHz
[11:23:37] Detecting Wi-Fi PHY capabilities
[11:23:37] Detected: 802.11ac
[11:23:37] Configuring AP interface (gateway IP)
[11:23:37] [SIMULATION] Assigning IP 192.168.50.1/24 to wlan2
[11:23:37] Enabling IPv4 forwarding (router mode)
[11:23:37] [SIMULATION] net.ipv4.ip_forward = 1
[11:23:37] Configuring NAT masquerading
[11:23:37] [SIMULATION] NAT rules applied on upstream interface
[11:23:37] Generating dnsmasq configuration
[11:23:37] dnsmasq config written to /home/archy/airRecon/shared/dnsmasq_Livebox-5318_6GHz.conf
[11:23:37] [SIMULATION] dnsmasq would be started here
[11:23:37] Generating hostapd configuration
[11:23:37] hostapd config written to /home/archy/airRecon/shared/airrecon_Livebox-5318_6GHz.conf
[11:23:37] [SIMULATION] hostapd would be started using:
[11:23:37]   hostapd /home/archy/airRecon/shared/airrecon_Livebox-5318_6GHz.conf
[11:23:37] Cleaning environment
[11:23:37] TODO: restore interface to managed mode
[11:23:37] Session ended
