[14:31:08] Environment prepared
[14:31:08] Activating monitor mode on: wlan2
[14:31:08] Monitor mode activated
[14:31:08] Scanning all channels...
[14:31:23] Scan stopped by user
[14:31:23] Parsing CSV file
[14:31:25] Target selected:
[14:31:25]   BSSID   : 58:1D:D8:8E:04:E8
[14:31:25]   CHANNEL : 11
[14:31:25]   SSID    :  Livebox-5318_6GHz
[14:31:25] Detecting Wi-Fi PHY capabilities
[14:31:25] Detected: 802.11ac
[14:31:25] Configuring AP interface (gateway IP)
[14:31:25] IP for wlan2 properly configured.
[14:31:25] Enabling IPv4 forwarding (router mode)
[14:31:25] Configuring NAT masquerading
[14:31:25] Generating dnsmasq configuration
[14:31:25] dnsmasq config written to /home/archy/airRecon/shared/dnsmasq_Livebox-5318_6GHz.conf
[14:31:25] Starting DNSMASQ configuration file under : /home/archy/airRecon/shared/dnsmasq_Livebox-5318_6GHz.conf
[14:31:25] dnsmasq started (PID=1064085)
[14:31:25] Generating hostapd configuration
[14:31:25] hostapd config written to /home/archy/airRecon/shared/airrecon_Livebox-5318_6GHz.conf
[14:31:25] [TESTING] Starting hostapd
[14:31:25] hostapd started (PID=1064098)
[14:31:25] Rogue AP fully operational
[14:31:25] Press Ctrl+C to stop
[14:31:49] Interrupt received (Ctrl+C)
[14:31:49] Cleaning environment
[14:31:49] Stopping services
[14:31:49] Services stopped
