[13:36:35] Environment prepared
[13:36:35] Activating monitor mode on: wlan2
[13:36:35] Monitor mode activated
[13:36:35] Scanning all channels...
[13:36:41] Scan stopped by user
[13:36:41] Parsing CSV file
[13:36:43] Target selected:
[13:36:43]   BSSID   : 58:1D:D8:8E:04:E8
[13:36:43]   CHANNEL : 11
[13:36:43]   SSID    :  Livebox-5318_6GHz
[13:36:43] Detecting Wi-Fi PHY capabilities
[13:36:43] Detected: 802.11ac
[13:36:43] Configuring AP interface (gateway IP)
[13:36:43] IP for wlan2 properly configured.
[13:36:43] Enabling IPv4 forwarding (router mode)
[13:36:43] Configuring NAT masquerading
[13:36:43] Generating dnsmasq configuration
[13:36:43] dnsmasq config written to /home/archy/airRecon/shared/dnsmasq_Livebox-5318_6GHz.conf
[13:36:43] Starting DNSMASQ configuration file under : /home/archy/airRecon/shared/dnsmasq_Livebox-5318_6GHz.conf
[13:36:43] dnsmasq started (PID=1060743)
[13:36:43] Generating hostapd configuration
[13:36:43] hostapd config written to /home/archy/airRecon/shared/airrecon_Livebox-5318_6GHz.conf
[13:36:43] [TESTING] Starting hostapd
[13:36:43] hostapd started (PID=1060756)
[13:36:43] Cleaning environment
[13:36:43] Stopping services
[13:36:43] Services stopped
[13:36:43] Session ended
