[14:49:33] Environment prepared
[14:49:33] Activating monitor mode on: wlan2
[14:49:33] Monitor mode activated
[14:49:33] Scanning all channels...
[14:49:39] Scan stopped by user
[14:49:39] Parsing CSV file
[14:49:41] Target selected:
[14:49:41]   BSSID   : 58:1D:D8:8E:04:E8
[14:49:41]   CHANNEL : 11
[14:49:41]   SSID    :  Livebox-5318_6GHz
[14:49:41] Detecting Wi-Fi PHY capabilities
[14:49:41] Detected: 802.11ac
[14:49:41] Configuring AP interface (gateway IP)
[14:49:41] IP for wlan2 properly configured.
[14:49:41] Enabling IPv4 forwarding (router mode)
[14:49:41] Configuring NAT masquerading
[14:49:41] NAT rules applied (wlan2 → wlan0)
[14:49:41] Generating dnsmasq configuration
[14:49:41] dnsmasq config written to /home/archy/airRecon/shared/dnsmasq_Livebox-5318_6GHz.conf
[14:49:41] Starting DNSMASQ configuration file under : /home/archy/airRecon/shared/dnsmasq_Livebox-5318_6GHz.conf
[14:49:41] dnsmasq started (PID=1066931)
[14:49:41] Generating hostapd configuration
[14:49:41] hostapd config written to /home/archy/airRecon/shared/airrecon_Livebox-5318_6GHz.conf
[14:49:41] [TESTING] Starting hostapd
[14:49:41] hostapd started (PID=1066944)
[14:49:41] Rogue AP fully operational
[14:49:41] Press Ctrl+C to stop
[14:50:53] Interrupt received (Ctrl+C)
[14:50:53] Stopping services
[14:50:53] Services stopped
