[12:13:32] Environment prepared
[12:13:32] Activating monitor mode on: wlan2
[12:13:32] Monitor mode activated
[12:13:32] Scanning all channels...
[12:13:41] Scan stopped by user
[12:13:41] Parsing CSV file
[12:13:45] Target selected:
[12:13:45]   BSSID   : 58:1D:D8:8E:04:E8
[12:13:45]   CHANNEL : 11
[12:13:45]   SSID    :  Livebox-5318_6GHz
[12:13:45] Detecting Wi-Fi PHY capabilities
[12:13:45] Detected: 802.11ac
[12:13:45] Configuring AP interface (gateway IP)
[12:13:45] [SIMULATION] Assigning IP 192.168.50.1/24 to wlan2
[12:13:45] Enabling IPv4 forwarding (router mode)
[12:13:45] Configuring NAT masquerading
[12:13:45] Generating dnsmasq configuration
[12:13:45] dnsmasq config written to /home/archy/airRecon/shared/dnsmasq_Livebox-5318_6GHz.conf
[12:13:45] [SIMULATION] dnsmasq would be started here
[12:13:45] Generating hostapd configuration
[12:13:45] hostapd config written to /home/archy/airRecon/shared/airrecon_Livebox-5318_6GHz.conf
[12:13:45] [TESTING] Starting hostapd
[12:14:59] Cleaning environment
[12:14:59] TODO: restore interface to managed mode
[12:14:59] Session ended
