[12:09:44] Environment prepared
[12:09:44] Activating monitor mode on: wlan2
[12:09:44] Monitor mode activated
[12:09:44] Scanning all channels...
[12:09:50] Scan stopped by user
[12:09:50] Parsing CSV file
[12:09:52] Target selected:
[12:09:52]   BSSID   : 58:1D:D8:8E:04:E8
[12:09:52]   CHANNEL : 11
[12:09:52]   SSID    :  Livebox-5318_6GHz
[12:09:52] Detecting Wi-Fi PHY capabilities
[12:09:52] Detected: 802.11ac
[12:09:52] Configuring AP interface (gateway IP)
[12:09:52] [SIMULATION] Assigning IP 192.168.50.1/24 to wlan2
[12:09:52] Enabling IPv4 forwarding (router mode)
[12:09:52] Configuring NAT masquerading
[12:09:52] Generating dnsmasq configuration
[12:09:52] dnsmasq config written to /home/archy/airRecon/shared/dnsmasq_Livebox-5318_6GHz.conf
[12:09:52] [SIMULATION] dnsmasq would be started here
[12:09:52] Generating hostapd configuration
[12:09:52] hostapd config written to /home/archy/airRecon/shared/airrecon_Livebox-5318_6GHz.conf
[12:09:52] [TESTING] Starting hostapd
[12:10:25] Cleaning environment
[12:10:25] TODO: restore interface to managed mode
[12:10:25] Session ended
