[11:50:38] Environment prepared
[11:50:38] Activating monitor mode on: wlan2
[11:50:38] Monitor mode activated
[11:50:38] Scanning all channels...
[11:50:45] Scan stopped by user
[11:50:45] Parsing CSV file
[11:50:47] Target selected:
[11:50:47]   BSSID   : 58:1D:D8:8E:04:E8
[11:50:47]   CHANNEL : 11
[11:50:47]   SSID    :  Livebox-5318_6GHz
[11:50:47] Detecting Wi-Fi PHY capabilities
[11:50:47] Detected: 802.11ac
[11:50:47] Configuring AP interface (gateway IP)
[11:50:47] [SIMULATION] Assigning IP 192.168.50.1/24 to wlan2
[11:50:47] Enabling IPv4 forwarding (router mode)
[11:50:47] [SIMULATION] net.ipv4.ip_forward = 1
[11:50:47] Configuring NAT masquerading
[11:50:47] [SIMULATION] NAT rules applied on upstream interface
[11:50:47] Generating dnsmasq configuration
[11:50:47] dnsmasq config written to /home/archy/airRecon/shared/dnsmasq_Livebox-5318_6GHz.conf
[11:50:47] [SIMULATION] dnsmasq would be started here
[11:50:47] Generating hostapd configuration
