[14:43:16] Environment prepared
[14:43:16] Activating monitor mode on: wlan2
[14:43:16] Monitor mode activated
[14:43:16] Scanning all channels...
[14:43:23] Scan stopped by user
[14:43:23] Parsing CSV file
[14:43:27] Target selected:
[14:43:27]   BSSID   : 58:1D:D8:8E:04:E8
[14:43:27]   CHANNEL : 11
[14:43:27]   SSID    :  Livebox-5318_6GHz
[14:43:27] Detecting Wi-Fi PHY capabilities
[14:43:27] Detected: 802.11ac
[14:43:27] Configuring AP interface (gateway IP)
[14:43:27] IP for wlan2 properly configured.
[14:43:27] Enabling IPv4 forwarding (router mode)
[14:43:27] Configuring NAT masquerading
[14:43:27] NAT rules applied (wlan2 → wlan0)
[14:43:27] Generating dnsmasq configuration
[14:43:27] dnsmasq config written to /home/archy/airRecon/shared/dnsmasq_Livebox-5318_6GHz.conf
[14:43:27] Starting DNSMASQ configuration file under : /home/archy/airRecon/shared/dnsmasq_Livebox-5318_6GHz.conf
[14:43:27] dnsmasq started (PID=1066021)
[14:43:27] Generating hostapd configuration
[14:43:27] hostapd config written to /home/archy/airRecon/shared/airrecon_Livebox-5318_6GHz.conf
[14:43:27] [TESTING] Starting hostapd
[14:43:27] hostapd started (PID=1066034)
[14:43:27] Rogue AP fully operational
[14:43:27] Press Ctrl+C to stop
[14:44:27] Interrupt received (Ctrl+C)
[14:44:27] Stopping services
[14:44:27] Services stopped
