[11:51:29] Environment prepared
[11:51:29] Activating monitor mode on: wlan2
[11:51:29] Monitor mode activated
[11:51:29] Scanning all channels...
[11:51:34] Scan stopped by user
[11:51:34] Parsing CSV file
[11:51:36] Target selected:
[11:51:36]   BSSID   : 58:1D:D8:8E:04:E8
[11:51:36]   CHANNEL : 11
[11:51:36]   SSID    :  Livebox-5318_6GHz
[11:51:36] Detecting Wi-Fi PHY capabilities
[11:51:36] Detected: 802.11ac
[11:51:36] Configuring AP interface (gateway IP)
[11:51:36] [SIMULATION] Assigning IP 192.168.50.1/24 to wlan2
[11:51:36] Enabling IPv4 forwarding (router mode)
[11:51:36] [SIMULATION] net.ipv4.ip_forward = 1
[11:51:36] Configuring NAT masquerading
[11:51:36] [SIMULATION] NAT rules applied on upstream interface
[11:51:36] Generating dnsmasq configuration
[11:51:36] dnsmasq config written to /home/archy/airRecon/shared/dnsmasq_Livebox-5318_6GHz.conf
[11:51:36] [SIMULATION] dnsmasq would be started here
[11:51:36] Generating hostapd configuration
[11:51:36] hostapd config written to /home/archy/airRecon/shared/airrecon_Livebox-5318_6GHz.conf
[11:51:36] [TESTING] Starting hostapd
[11:52:35] Cleaning environment
[11:52:35] TODO: restore interface to managed mode
[11:52:35] Session ended
