[14:45:59] Environment prepared
[14:45:59] Activating monitor mode on: wlan2
[14:45:59] Monitor mode activated
[14:45:59] Scanning all channels...
[14:46:04] Scan stopped by user
[14:46:04] Parsing CSV file
[14:46:09] Target selected:
[14:46:09]   BSSID   : 58:1D:D8:8E:04:E8
[14:46:09]   CHANNEL : 11
[14:46:09]   SSID    :  Livebox-5318_6GHz
[14:46:09] Detecting Wi-Fi PHY capabilities
[14:46:09] Detected: 802.11ac
[14:46:09] Configuring AP interface (gateway IP)
[14:46:09] IP for wlan2 properly configured.
[14:46:09] Enabling IPv4 forwarding (router mode)
[14:46:09] Configuring NAT masquerading
[14:46:09] NAT rules applied (wlan2 → wlan0)
[14:46:09] Generating dnsmasq configuration
[14:46:09] dnsmasq config written to /home/archy/airRecon/shared/dnsmasq_Livebox-5318_6GHz.conf
[14:46:09] Starting DNSMASQ configuration file under : /home/archy/airRecon/shared/dnsmasq_Livebox-5318_6GHz.conf
[14:46:09] dnsmasq started (PID=1066431)
[14:46:09] Generating hostapd configuration
[14:46:09] hostapd config written to /home/archy/airRecon/shared/airrecon_Livebox-5318_6GHz.conf
[14:46:09] [TESTING] Starting hostapd
[14:46:09] hostapd started (PID=1066444)
[14:46:09] Rogue AP fully operational
[14:46:09] Press Ctrl+C to stop
[14:47:33] Interrupt received (Ctrl+C)
[14:47:33] Stopping services
[14:47:33] Services stopped
