[14:32:41] Environment prepared
[14:32:41] Activating monitor mode on: wlan2
[14:32:41] Monitor mode activated
[14:32:41] Scanning all channels...
[14:32:48] Scan stopped by user
[14:32:48] Parsing CSV file
[14:32:50] Target selected:
[14:32:50]   BSSID   : 58:1D:D8:8E:04:E8
[14:32:50]   CHANNEL : 11
[14:32:50]   SSID    :  Livebox-5318_6GHz
[14:32:50] Detecting Wi-Fi PHY capabilities
[14:32:51] Detected: 802.11ac
[14:32:51] Configuring AP interface (gateway IP)
[14:32:51] IP for wlan2 properly configured.
[14:32:51] Enabling IPv4 forwarding (router mode)
[14:32:51] Configuring NAT masquerading
[14:32:51] Generating dnsmasq configuration
[14:32:51] dnsmasq config written to /home/archy/airRecon/shared/dnsmasq_Livebox-5318_6GHz.conf
[14:32:51] Starting DNSMASQ configuration file under : /home/archy/airRecon/shared/dnsmasq_Livebox-5318_6GHz.conf
[14:32:51] dnsmasq started (PID=1064554)
[14:32:51] Generating hostapd configuration
[14:32:51] hostapd config written to /home/archy/airRecon/shared/airrecon_Livebox-5318_6GHz.conf
[14:32:51] [TESTING] Starting hostapd
[14:32:51] hostapd started (PID=1064567)
[14:32:51] Rogue AP fully operational
[14:32:51] Press Ctrl+C to stop
[14:33:20] Interrupt received (Ctrl+C)
[14:33:20] Cleaning environment
[14:33:20] Stopping services
[14:33:20] Services stopped
