[15:14:15] Environment prepared
[15:14:15] Activating monitor mode on: wlan2
[15:14:15] Monitor mode activated
[15:14:15] Scanning all channels...
[15:14:21] Scan stopped by user
[15:14:21] Parsing CSV file
[15:14:22] Target selected:
[15:14:22]   BSSID   : 58:1D:D8:8E:04:E8
[15:14:22]   CHANNEL : 11
[15:14:22]   SSID    :  Livebox-5318_6GHz
[15:14:22] Detecting Wi-Fi PHY capabilities
[15:14:23] Detected: 802.11ac
[15:14:23] Configuring AP interface (gateway IP)
[15:14:23] IP for wlan2 properly configured.
[15:14:23] Enabling IPv4 forwarding (router mode)
[15:14:23] Configuring NAT masquerading
[15:14:23] Detected internet interface: enp0s31f6
[15:14:23] NAT rules applied (wlan2 → enp0s31f6)
[15:14:23] Generating dnsmasq configuration
[15:14:23] dnsmasq config written to /home/archy/airRecon/shared/dnsmasq_Livebox-5318_6GHz.conf
[15:14:23] Starting DNSMASQ configuration file under : /home/archy/airRecon/shared/dnsmasq_Livebox-5318_6GHz.conf
[15:14:23] dnsmasq started (PID=1068565)
[15:14:23] Generating hostapd configuration
[15:14:23] hostapd config written to /home/archy/airRecon/shared/airrecon_Livebox-5318_6GHz.conf
[15:14:23] [TESTING] Starting hostapd
[15:14:23] hostapd started (PID=1068578)
[15:14:23] Rogue AP fully operational
[15:14:23] Press Ctrl+C to stop
[15:17:31] Interrupt received (Ctrl+C)
[15:17:31] Stopping services
[15:17:31] Services stopped
