[11:35:53] Environment prepared
[11:35:53] Activating monitor mode on: wlan2
[11:35:53] Monitor mode activated
[11:35:53] Scanning all channels...
[11:35:59] Scan stopped by user
[11:35:59] Parsing CSV file
[11:36:01] Target selected:
[11:36:01]   BSSID   : 58:1D:D8:8E:04:E8
[11:36:01]   CHANNEL : 11
[11:36:01]   SSID    :  Livebox-5318_6GHz
[11:36:01] Detecting Wi-Fi PHY capabilities
[11:36:01] Detected: 802.11ac
[11:36:01] Configuring AP interface (gateway IP)
[11:36:01] [SIMULATION] Assigning IP 192.168.50.1/24 to wlan2
[11:36:01] Enabling IPv4 forwarding (router mode)
[11:36:01] [SIMULATION] net.ipv4.ip_forward = 1
[11:36:01] Configuring NAT masquerading
[11:36:01] [SIMULATION] NAT rules applied on upstream interface
[11:36:01] Generating dnsmasq configuration
[11:36:01] dnsmasq config written to /home/archy/airRecon/shared/dnsmasq_Livebox-5318_6GHz.conf
[11:36:01] [SIMULATION] dnsmasq would be started here
[11:36:01] Generating hostapd configuration
[11:36:01] hostapd config written to /home/archy/airRecon/shared/airrecon_Livebox-5318_6GHz.conf
[11:36:01] [TESTING] Starting hostapd
[11:36:01] Cleaning environment
[11:36:01] TODO: restore interface to managed mode
[11:36:01] Session ended
